#
# There is insufficient memory for the Java Runtime Environment to continue.
# Native memory allocation (malloc) failed to allocate 595248 bytes for Chunk::new
# Possible reasons:
#   The system is out of physical RAM or swap space
#   The process is running with CompressedOops enabled, and the Java Heap may be blocking the growth of the native heap
# Possible solutions:
#   Reduce memory load on the system
#   Increase physical memory or swap space
#   Check if swap backing store is full
#   Decrease Java heap size (-Xmx/-Xms)
#   Decrease number of Java threads
#   Decrease Java thread stack sizes (-Xss)
#   Set larger code cache with -XX:ReservedCodeCacheSize=
#   JVM is running with Unscaled Compressed Oops mode in which the Java heap is
#     placed in the first 4GB address space. The Java Heap base address is the
#     maximum limit for the native heap growth. Please use -XX:HeapBaseMinAddress
#     to set the Java Heap base and to place the Java Heap above 4GB virtual address.
# This output file may be truncated or incomplete.
#
#  Out of Memory Error (arena.cpp:168), pid=10372, tid=10748
#
# JRE version: Java(TM) SE Runtime Environment (21.0.5+9) (build 21.0.5+9-LTS-239)
# Java VM: Java HotSpot(TM) 64-Bit Server VM (21.0.5+9-LTS-239, mixed mode, sharing, tiered, compressed oops, compressed class ptrs, g1 gc, windows-amd64)
# No core dump will be written. Minidumps are not enabled by default on client versions of Windows
#

---------------  S U M M A R Y ------------

Command Line: -Dclassworlds.conf=C:\apache-maven-3.9.9\bin\m2.conf -Dmaven.home=C:\apache-maven-3.9.9 -Dlibrary.jansi.path=C:\apache-maven-3.9.9\lib\jansi-native -Dmaven.multiModuleProjectDirectory=c:\Users\dell\Documents\dean's file\Java Lanjutan\uas\Project-Uas-Java-L\java1 org.codehaus.plexus.classworlds.launcher.Launcher -q help:effective-pom -Doutput=c:\Users\dell\Documents\dean's file\Java Lanjutan\uas\Project-Uas-Java-L\java1\effective-pom.xml -f c:/Users/dell/Documents/dean's file/Java Lanjutan/uas/Project-Uas-Java-L/java1/pom.xml

Host: Intel(R) Core(TM) i3-10110U CPU @ 2.10GHz, 4 cores, 3G,  Windows 11 , 64 bit Build 22000 (10.0.22000.2538)
Time: Sat Apr 26 10:42:18 2025 SE Asia Standard Time elapsed time: 22.503967 seconds (0d 0h 0m 22s)

---------------  T H R E A D  ---------------

Current thread (0x000001d830df9b60):  JavaThread "C2 CompilerThread0" daemon [_thread_in_native, id=10748, stack(0x0000006701d00000,0x0000006701e00000) (1024K)]


Current CompileTask:
C2:  22504 3576       4       org.codehaus.plexus.util.xml.Xpp3Dom::<init> (125 bytes)

Stack: [0x0000006701d00000,0x0000006701e00000]
Native frames: (J=compiled Java code, j=interpreted, Vv=VM code, C=native code)
V  [jvm.dll+0x6ca289]
V  [jvm.dll+0x854a51]
V  [jvm.dll+0x856f7e]
V  [jvm.dll+0x857653]
V  [jvm.dll+0x27dd26]
V  [jvm.dll+0xc4c2d]
V  [jvm.dll+0xc5163]
V  [jvm.dll+0x3b4d3c]
V  [jvm.dll+0x1df613]
V  [jvm.dll+0x246a62]
V  [jvm.dll+0x245eef]
V  [jvm.dll+0x1c6d0e]
V  [jvm.dll+0x2554d9]
V  [jvm.dll+0x253a6a]
V  [jvm.dll+0x3ee136]
V  [jvm.dll+0x7fee9b]
V  [jvm.dll+0x6c896d]
C  [ucrtbase.dll+0x26c0c]
C  [KERNEL32.DLL+0x153e0]
C  [ntdll.dll+0x485b]


---------------  P R O C E S S  ---------------

Threads class SMR info:
_java_thread_list=0x000001d876bad5f0, length=11, elements={
0x000001d816212f40, 0x000001d8162dd7e0, 0x000001d8162de6a0, 0x000001d830df5ee0,
0x000001d830df7940, 0x000001d830df8390, 0x000001d830df8de0, 0x000001d830df9b60,
0x000001d830dfb860, 0x000001d8760992d0, 0x000001d87609fd60
}

Java Threads: ( => current thread )
  0x000001d816212f40 JavaThread "main"                              [_thread_in_Java, id=13316, stack(0x0000006700f00000,0x0000006701000000) (1024K)]
  0x000001d8162dd7e0 JavaThread "Reference Handler"          daemon [_thread_blocked, id=15348, stack(0x0000006701700000,0x0000006701800000) (1024K)]
  0x000001d8162de6a0 JavaThread "Finalizer"                  daemon [_thread_blocked, id=11664, stack(0x0000006701800000,0x0000006701900000) (1024K)]
  0x000001d830df5ee0 JavaThread "Signal Dispatcher"          daemon [_thread_blocked, id=12380, stack(0x0000006701900000,0x0000006701a00000) (1024K)]
  0x000001d830df7940 JavaThread "Attach Listener"            daemon [_thread_blocked, id=20124, stack(0x0000006701a00000,0x0000006701b00000) (1024K)]
  0x000001d830df8390 JavaThread "Service Thread"             daemon [_thread_blocked, id=2348, stack(0x0000006701b00000,0x0000006701c00000) (1024K)]
  0x000001d830df8de0 JavaThread "Monitor Deflation Thread"   daemon [_thread_blocked, id=20728, stack(0x0000006701c00000,0x0000006701d00000) (1024K)]
=>0x000001d830df9b60 JavaThread "C2 CompilerThread0"         daemon [_thread_in_native, id=10748, stack(0x0000006701d00000,0x0000006701e00000) (1024K)]
  0x000001d830dfb860 JavaThread "C1 CompilerThread0"         daemon [_thread_blocked, id=20640, stack(0x0000006701e00000,0x0000006701f00000) (1024K)]
  0x000001d8760992d0 JavaThread "Notification Thread"        daemon [_thread_blocked, id=14152, stack(0x0000006701f00000,0x0000006702000000) (1024K)]
  0x000001d87609fd60 JavaThread "Common-Cleaner"             daemon [_thread_blocked, id=17908, stack(0x0000006702000000,0x0000006702100000) (1024K)]
Total: 11

Other Threads:
  0x000001d8162c8a90 VMThread "VM Thread"                           [id=6900, stack(0x0000006701600000,0x0000006701700000) (1024K)]
  0x000001d830dec3d0 WatcherThread "VM Periodic Task Thread"        [id=13328, stack(0x0000006701500000,0x0000006701600000) (1024K)]
  0x000001d816246790 WorkerThread "GC Thread#0"                     [id=9748, stack(0x0000006701000000,0x0000006701100000) (1024K)]
  0x000001d876ad8c30 WorkerThread "GC Thread#1"                     [id=19080, stack(0x0000006702200000,0x0000006702300000) (1024K)]
  0x000001d876937100 WorkerThread "GC Thread#2"                     [id=10924, stack(0x0000006702300000,0x0000006702400000) (1024K)]
  0x000001d876726510 WorkerThread "GC Thread#3"                     [id=19652, stack(0x0000006702400000,0x0000006702500000) (1024K)]
  0x000001d81624f030 ConcurrentGCThread "G1 Main Marker"            [id=20476, stack(0x0000006701100000,0x0000006701200000) (1024K)]
  0x000001d816250b40 WorkerThread "G1 Conc#0"                       [id=21104, stack(0x0000006701200000,0x0000006701300000) (1024K)]
  0x000001d8162a7880 ConcurrentGCThread "G1 Refine#0"               [id=19628, stack(0x0000006701300000,0x0000006701400000) (1024K)]
  0x000001d8162a83f0 ConcurrentGCThread "G1 Service"                [id=4056, stack(0x0000006701400000,0x0000006701500000) (1024K)]
Total: 10

Threads with active compile tasks:
C2 CompilerThread0    22632 3576       4       org.codehaus.plexus.util.xml.Xpp3Dom::<init> (125 bytes)
Total: 1

VM state: not at safepoint (normal execution)

VM Mutex/Monitor currently owned by a thread: None

Heap address: 0x00000000c3a00000, size: 966 MB, Compressed Oops mode: 32-bit

CDS archive(s) mapped at: [0x000001d831000000-0x000001d831c90000-0x000001d831c90000), size 13172736, SharedBaseAddress: 0x000001d831000000, ArchiveRelocationMode: 1.
Compressed class space mapped at: 0x000001d832000000-0x000001d872000000, reserved size: 1073741824
Narrow klass base: 0x000001d831000000, Narrow klass shift: 0, Narrow klass range: 0x100000000

GC Precious Log:
 CardTable entry size: 512
 Card Set container configuration: InlinePtr #cards 5 size 8 Array Of Cards #cards 12 size 40 Howl #buckets 4 coarsen threshold 1843 Howl Bitmap #cards 512 size 80 coarsen threshold 460 Card regions per heap region 1 cards per card region 2048
 CPUs: 4 total, 4 available
 Memory: 3857M
 Large Page Support: Disabled
 NUMA Support: Disabled
 Compressed Oops: Enabled (32-bit)
 Heap Region Size: 1M
 Heap Min Capacity: 8M
 Heap Initial Capacity: 62M
 Heap Max Capacity: 966M
 Pre-touch: Disabled
 Parallel Workers: 4
 Concurrent Workers: 1
 Concurrent Refinement Workers: 4
 Periodic GC: Disabled

Heap:
 garbage-first heap   total 63488K, used 24814K [0x00000000c3a00000, 0x0000000100000000)
  region size 1024K, 21 young (21504K), 5 survivors (5120K)
 Metaspace       used 15642K, committed 15872K, reserved 1114112K
  class space    used 1811K, committed 1920K, reserved 1048576K

Heap Regions: E=young(eden), S=young(survivor), O=old, HS=humongous(starts), HC=humongous(continues), CS=collection set, F=free, TAMS=top-at-mark-start, PB=parsable bottom
|   0|0x00000000c3a00000, 0x00000000c3b00000, 0x00000000c3b00000|100%| O|  |TAMS 0x00000000c3a00000| PB 0x00000000c3a00000| Untracked 
|   1|0x00000000c3b00000, 0x00000000c3c00000, 0x00000000c3c00000|100%| O|  |TAMS 0x00000000c3b00000| PB 0x00000000c3b00000| Untracked 
|   2|0x00000000c3c00000, 0x00000000c3d00000, 0x00000000c3d00000|100%| O|  |TAMS 0x00000000c3c00000| PB 0x00000000c3c00000| Untracked 
|   3|0x00000000c3d00000, 0x00000000c3e00000, 0x00000000c3e00000|100%| O|  |TAMS 0x00000000c3d00000| PB 0x00000000c3d00000| Untracked 
|   4|0x00000000c3e00000, 0x00000000c3e3b8b0, 0x00000000c3f00000| 23%| O|  |TAMS 0x00000000c3e00000| PB 0x00000000c3e00000| Untracked 
|   5|0x00000000c3f00000, 0x00000000c3f00000, 0x00000000c4000000|  0%| F|  |TAMS 0x00000000c3f00000| PB 0x00000000c3f00000| Untracked 
|   6|0x00000000c4000000, 0x00000000c4000000, 0x00000000c4100000|  0%| F|  |TAMS 0x00000000c4000000| PB 0x00000000c4000000| Untracked 
|   7|0x00000000c4100000, 0x00000000c4100000, 0x00000000c4200000|  0%| F|  |TAMS 0x00000000c4100000| PB 0x00000000c4100000| Untracked 
|   8|0x00000000c4200000, 0x00000000c4200000, 0x00000000c4300000|  0%| F|  |TAMS 0x00000000c4200000| PB 0x00000000c4200000| Untracked 
|   9|0x00000000c4300000, 0x00000000c4300000, 0x00000000c4400000|  0%| F|  |TAMS 0x00000000c4300000| PB 0x00000000c4300000| Untracked 
|  10|0x00000000c4400000, 0x00000000c4400000, 0x00000000c4500000|  0%| F|  |TAMS 0x00000000c4400000| PB 0x00000000c4400000| Untracked 
|  11|0x00000000c4500000, 0x00000000c4500000, 0x00000000c4600000|  0%| F|  |TAMS 0x00000000c4500000| PB 0x00000000c4500000| Untracked 
|  12|0x00000000c4600000, 0x00000000c4600000, 0x00000000c4700000|  0%| F|  |TAMS 0x00000000c4600000| PB 0x00000000c4600000| Untracked 
|  13|0x00000000c4700000, 0x00000000c4700000, 0x00000000c4800000|  0%| F|  |TAMS 0x00000000c4700000| PB 0x00000000c4700000| Untracked 
|  14|0x00000000c4800000, 0x00000000c4800000, 0x00000000c4900000|  0%| F|  |TAMS 0x00000000c4800000| PB 0x00000000c4800000| Untracked 
|  15|0x00000000c4900000, 0x00000000c4900000, 0x00000000c4a00000|  0%| F|  |TAMS 0x00000000c4900000| PB 0x00000000c4900000| Untracked 
|  16|0x00000000c4a00000, 0x00000000c4a00000, 0x00000000c4b00000|  0%| F|  |TAMS 0x00000000c4a00000| PB 0x00000000c4a00000| Untracked 
|  17|0x00000000c4b00000, 0x00000000c4b00000, 0x00000000c4c00000|  0%| F|  |TAMS 0x00000000c4b00000| PB 0x00000000c4b00000| Untracked 
|  18|0x00000000c4c00000, 0x00000000c4c00000, 0x00000000c4d00000|  0%| F|  |TAMS 0x00000000c4c00000| PB 0x00000000c4c00000| Untracked 
|  19|0x00000000c4d00000, 0x00000000c4d00000, 0x00000000c4e00000|  0%| F|  |TAMS 0x00000000c4d00000| PB 0x00000000c4d00000| Untracked 
|  20|0x00000000c4e00000, 0x00000000c4f00000, 0x00000000c4f00000|100%| S|CS|TAMS 0x00000000c4e00000| PB 0x00000000c4e00000| Complete 
|  21|0x00000000c4f00000, 0x00000000c5000000, 0x00000000c5000000|100%| S|CS|TAMS 0x00000000c4f00000| PB 0x00000000c4f00000| Complete 
|  22|0x00000000c5000000, 0x00000000c5100000, 0x00000000c5100000|100%| S|CS|TAMS 0x00000000c5000000| PB 0x00000000c5000000| Complete 
|  23|0x00000000c5100000, 0x00000000c5200000, 0x00000000c5200000|100%| S|CS|TAMS 0x00000000c5100000| PB 0x00000000c5100000| Complete 
|  24|0x00000000c5200000, 0x00000000c5300000, 0x00000000c5300000|100%| S|CS|TAMS 0x00000000c5200000| PB 0x00000000c5200000| Complete 
|  25|0x00000000c5300000, 0x00000000c5300000, 0x00000000c5400000|  0%| F|  |TAMS 0x00000000c5300000| PB 0x00000000c5300000| Untracked 
|  26|0x00000000c5400000, 0x00000000c5400000, 0x00000000c5500000|  0%| F|  |TAMS 0x00000000c5400000| PB 0x00000000c5400000| Untracked 
|  27|0x00000000c5500000, 0x00000000c5500000, 0x00000000c5600000|  0%| F|  |TAMS 0x00000000c5500000| PB 0x00000000c5500000| Untracked 
|  28|0x00000000c5600000, 0x00000000c5600000, 0x00000000c5700000|  0%| F|  |TAMS 0x00000000c5600000| PB 0x00000000c5600000| Untracked 
|  29|0x00000000c5700000, 0x00000000c5700000, 0x00000000c5800000|  0%| F|  |TAMS 0x00000000c5700000| PB 0x00000000c5700000| Untracked 
|  30|0x00000000c5800000, 0x00000000c5800000, 0x00000000c5900000|  0%| F|  |TAMS 0x00000000c5800000| PB 0x00000000c5800000| Untracked 
|  31|0x00000000c5900000, 0x00000000c5900000, 0x00000000c5a00000|  0%| F|  |TAMS 0x00000000c5900000| PB 0x00000000c5900000| Untracked 
|  32|0x00000000c5a00000, 0x00000000c5a00000, 0x00000000c5b00000|  0%| F|  |TAMS 0x00000000c5a00000| PB 0x00000000c5a00000| Untracked 
|  33|0x00000000c5b00000, 0x00000000c5b00000, 0x00000000c5c00000|  0%| F|  |TAMS 0x00000000c5b00000| PB 0x00000000c5b00000| Untracked 
|  34|0x00000000c5c00000, 0x00000000c5c00000, 0x00000000c5d00000|  0%| F|  |TAMS 0x00000000c5c00000| PB 0x00000000c5c00000| Untracked 
|  35|0x00000000c5d00000, 0x00000000c5d00000, 0x00000000c5e00000|  0%| F|  |TAMS 0x00000000c5d00000| PB 0x00000000c5d00000| Untracked 
|  36|0x00000000c5e00000, 0x00000000c5e00000, 0x00000000c5f00000|  0%| F|  |TAMS 0x00000000c5e00000| PB 0x00000000c5e00000| Untracked 
|  37|0x00000000c5f00000, 0x00000000c5f00000, 0x00000000c6000000|  0%| F|  |TAMS 0x00000000c5f00000| PB 0x00000000c5f00000| Untracked 
|  38|0x00000000c6000000, 0x00000000c6000000, 0x00000000c6100000|  0%| F|  |TAMS 0x00000000c6000000| PB 0x00000000c6000000| Untracked 
|  39|0x00000000c6100000, 0x00000000c6100000, 0x00000000c6200000|  0%| F|  |TAMS 0x00000000c6100000| PB 0x00000000c6100000| Untracked 
|  40|0x00000000c6200000, 0x00000000c6200000, 0x00000000c6300000|  0%| F|  |TAMS 0x00000000c6200000| PB 0x00000000c6200000| Untracked 
|  41|0x00000000c6300000, 0x00000000c6300000, 0x00000000c6400000|  0%| F|  |TAMS 0x00000000c6300000| PB 0x00000000c6300000| Untracked 
|  42|0x00000000c6400000, 0x00000000c6400000, 0x00000000c6500000|  0%| F|  |TAMS 0x00000000c6400000| PB 0x00000000c6400000| Untracked 
|  43|0x00000000c6500000, 0x00000000c6500000, 0x00000000c6600000|  0%| F|  |TAMS 0x00000000c6500000| PB 0x00000000c6500000| Untracked 
|  44|0x00000000c6600000, 0x00000000c6600000, 0x00000000c6700000|  0%| F|  |TAMS 0x00000000c6600000| PB 0x00000000c6600000| Untracked 
|  45|0x00000000c6700000, 0x00000000c6700000, 0x00000000c6800000|  0%| F|  |TAMS 0x00000000c6700000| PB 0x00000000c6700000| Untracked 
|  46|0x00000000c6800000, 0x00000000c6880800, 0x00000000c6900000| 50%| E|  |TAMS 0x00000000c6800000| PB 0x00000000c6800000| Complete 
|  47|0x00000000c6900000, 0x00000000c6a00000, 0x00000000c6a00000|100%| E|CS|TAMS 0x00000000c6900000| PB 0x00000000c6900000| Complete 
|  48|0x00000000c6a00000, 0x00000000c6b00000, 0x00000000c6b00000|100%| E|CS|TAMS 0x00000000c6a00000| PB 0x00000000c6a00000| Complete 
|  49|0x00000000c6b00000, 0x00000000c6c00000, 0x00000000c6c00000|100%| E|CS|TAMS 0x00000000c6b00000| PB 0x00000000c6b00000| Complete 
|  50|0x00000000c6c00000, 0x00000000c6d00000, 0x00000000c6d00000|100%| E|CS|TAMS 0x00000000c6c00000| PB 0x00000000c6c00000| Complete 
|  51|0x00000000c6d00000, 0x00000000c6e00000, 0x00000000c6e00000|100%| E|CS|TAMS 0x00000000c6d00000| PB 0x00000000c6d00000| Complete 
|  52|0x00000000c6e00000, 0x00000000c6f00000, 0x00000000c6f00000|100%| E|CS|TAMS 0x00000000c6e00000| PB 0x00000000c6e00000| Complete 
|  53|0x00000000c6f00000, 0x00000000c7000000, 0x00000000c7000000|100%| E|CS|TAMS 0x00000000c6f00000| PB 0x00000000c6f00000| Complete 
|  54|0x00000000c7000000, 0x00000000c7100000, 0x00000000c7100000|100%| E|CS|TAMS 0x00000000c7000000| PB 0x00000000c7000000| Complete 
|  55|0x00000000c7100000, 0x00000000c7200000, 0x00000000c7200000|100%| E|CS|TAMS 0x00000000c7100000| PB 0x00000000c7100000| Complete 
|  56|0x00000000c7200000, 0x00000000c7300000, 0x00000000c7300000|100%| E|CS|TAMS 0x00000000c7200000| PB 0x00000000c7200000| Complete 
|  57|0x00000000c7300000, 0x00000000c7400000, 0x00000000c7400000|100%| E|CS|TAMS 0x00000000c7300000| PB 0x00000000c7300000| Complete 
|  58|0x00000000c7400000, 0x00000000c7500000, 0x00000000c7500000|100%| E|CS|TAMS 0x00000000c7400000| PB 0x00000000c7400000| Complete 
|  59|0x00000000c7500000, 0x00000000c7600000, 0x00000000c7600000|100%| E|CS|TAMS 0x00000000c7500000| PB 0x00000000c7500000| Complete 
|  60|0x00000000c7600000, 0x00000000c7700000, 0x00000000c7700000|100%| E|CS|TAMS 0x00000000c7600000| PB 0x00000000c7600000| Complete 
|  61|0x00000000c7700000, 0x00000000c7800000, 0x00000000c7800000|100%| E|CS|TAMS 0x00000000c7700000| PB 0x00000000c7700000| Complete 

Card table byte_map: [0x000001d82d890000,0x000001d82da80000] _byte_map_base: 0x000001d82d273000

Marking Bits: (CMBitMap*) 0x000001d816246e90
 Bits: [0x000001d82da80000, 0x000001d82e998000)

Polling page: 0x000001d8141b0000

Metaspace:

Usage:
  Non-class:     13.51 MB used.
      Class:      1.77 MB used.
       Both:     15.28 MB used.

Virtual space:
  Non-class space:       64.00 MB reserved,      13.62 MB ( 21%) committed,  1 nodes.
      Class space:        1.00 GB reserved,       1.88 MB ( <1%) committed,  1 nodes.
             Both:        1.06 GB reserved,      15.50 MB (  1%) committed. 

Chunk freelists:
   Non-Class:  1.97 MB
       Class:  13.97 MB
        Both:  15.94 MB

MaxMetaspaceSize: unlimited
CompressedClassSpaceSize: 1.00 GB
Initial GC threshold: 21.00 MB
Current GC threshold: 21.00 MB
CDS: on
 - commit_granule_bytes: 65536.
 - commit_granule_words: 8192.
 - virtual_space_node_default_size: 8388608.
 - enlarge_chunks_in_place: 1.
 - use_allocation_guard: 0.


Internal statistics:

num_allocs_failed_limit: 0.
num_arena_births: 164.
num_arena_deaths: 0.
num_vsnodes_births: 2.
num_vsnodes_deaths: 0.
num_space_committed: 248.
num_space_uncommitted: 0.
num_chunks_returned_to_freelist: 0.
num_chunks_taken_from_freelist: 673.
num_chunk_merges: 0.
num_chunk_splits: 471.
num_chunks_enlarged: 394.
num_inconsistent_stats: 0.

CodeHeap 'non-profiled nmethods': size=120000Kb used=1589Kb max_used=1589Kb free=118410Kb
 bounds [0x000001d826170000, 0x000001d8263e0000, 0x000001d82d6a0000]
CodeHeap 'profiled nmethods': size=120000Kb used=7298Kb max_used=7298Kb free=112702Kb
 bounds [0x000001d81e6a0000, 0x000001d81edd0000, 0x000001d825bd0000]
CodeHeap 'non-nmethods': size=5760Kb used=1389Kb max_used=1427Kb free=4370Kb
 bounds [0x000001d825bd0000, 0x000001d825e40000, 0x000001d826170000]
 total_blobs=4075 nmethods=3590 adapters=389
 compilation: enabled
              stopped_count=0, restarted_count=0
 full_count=0

Compilation events (20 events):
Event: 22.412 Thread 0x000001d830dfb860 3579       3       java.util.regex.Pattern$Curly::study (153 bytes)
Event: 22.413 Thread 0x000001d830dfb860 nmethod 3579 0x000001d81edb3090 code [0x000001d81edb3260, 0x000001d81edb3748]
Event: 22.413 Thread 0x000001d830dfb860 3580       1       org.apache.maven.model.ActivationProperty::getName (5 bytes)
Event: 22.413 Thread 0x000001d830dfb860 nmethod 3580 0x000001d8262fc310 code [0x000001d8262fc4a0, 0x000001d8262fc568]
Event: 22.413 Thread 0x000001d830dfb860 3581       1       org.apache.maven.model.ActivationProperty::getValue (5 bytes)
Event: 22.413 Thread 0x000001d830dfb860 nmethod 3581 0x000001d8262fc610 code [0x000001d8262fc7a0, 0x000001d8262fc868]
Event: 22.426 Thread 0x000001d830dfb860 3583   !   3       java.util.concurrent.ConcurrentHashMap::tryPresize (193 bytes)
Event: 22.426 Thread 0x000001d830dfb860 nmethod 3583 0x000001d81edb3910 code [0x000001d81edb3b20, 0x000001d81edb4368]
Event: 22.428 Thread 0x000001d830dfb860 3585       3       java.util.regex.Pattern$SliceNode::study (37 bytes)
Event: 22.428 Thread 0x000001d830dfb860 nmethod 3585 0x000001d81edb4590 code [0x000001d81edb4740, 0x000001d81edb4938]
Event: 22.435 Thread 0x000001d830dfb860 3586       3       org.apache.maven.model.ModelBase::getModules (23 bytes)
Event: 22.436 Thread 0x000001d830dfb860 nmethod 3586 0x000001d81edb4a10 code [0x000001d81edb4be0, 0x000001d81edb4fc8]
Event: 22.444 Thread 0x000001d830dfb860 3587       3       org.apache.maven.model.merge.ModelMerger$MergingList::mergeAll (348 bytes)
Event: 22.447 Thread 0x000001d830dfb860 nmethod 3587 0x000001d81edb5110 code [0x000001d81edb5540, 0x000001d81edb7668]
Event: 22.455 Thread 0x000001d830dfb860 3588       1       org.apache.maven.model.BuildBase::getDefaultGoal (5 bytes)
Event: 22.455 Thread 0x000001d830dfb860 nmethod 3588 0x000001d8262fc910 code [0x000001d8262fcaa0, 0x000001d8262fcb68]
Event: 22.455 Thread 0x000001d830dfb860 3589       1       org.apache.maven.model.Model::getIssueManagement (5 bytes)
Event: 22.455 Thread 0x000001d830dfb860 nmethod 3589 0x000001d8262fcc10 code [0x000001d8262fcda0, 0x000001d8262fce70]
Event: 22.455 Thread 0x000001d830dfb860 3590       3       org.apache.maven.model.Scm::setLocation (322 bytes)
Event: 22.457 Thread 0x000001d830dfb860 nmethod 3590 0x000001d81edb7f10 code [0x000001d81edb8280, 0x000001d81edb9a68]

GC Heap History (8 events):
Event: 2.094 GC heap before
{Heap before GC invocations=0 (full 0):
 garbage-first heap   total 63488K, used 13312K [0x00000000c3a00000, 0x0000000100000000)
  region size 1024K, 13 young (13312K), 0 survivors (0K)
 Metaspace       used 3788K, committed 3904K, reserved 1114112K
  class space    used 385K, committed 448K, reserved 1048576K
}
Event: 2.153 GC heap after
{Heap after GC invocations=1 (full 0):
 garbage-first heap   total 63488K, used 3392K [0x00000000c3a00000, 0x0000000100000000)
  region size 1024K, 2 young (2048K), 2 survivors (2048K)
 Metaspace       used 3788K, committed 3904K, reserved 1114112K
  class space    used 385K, committed 448K, reserved 1048576K
}
Event: 4.103 GC heap before
{Heap before GC invocations=1 (full 0):
 garbage-first heap   total 63488K, used 15680K [0x00000000c3a00000, 0x0000000100000000)
  region size 1024K, 14 young (14336K), 2 survivors (2048K)
 Metaspace       used 5795K, committed 5952K, reserved 1114112K
  class space    used 672K, committed 768K, reserved 1048576K
}
Event: 4.109 GC heap after
{Heap after GC invocations=2 (full 0):
 garbage-first heap   total 63488K, used 4491K [0x00000000c3a00000, 0x0000000100000000)
  region size 1024K, 1 young (1024K), 1 survivors (1024K)
 Metaspace       used 5795K, committed 5952K, reserved 1114112K
  class space    used 672K, committed 768K, reserved 1048576K
}
Event: 7.354 GC heap before
{Heap before GC invocations=2 (full 0):
 garbage-first heap   total 63488K, used 29067K [0x00000000c3a00000, 0x0000000100000000)
  region size 1024K, 26 young (26624K), 1 survivors (1024K)
 Metaspace       used 9591K, committed 9792K, reserved 1114112K
  class space    used 1121K, committed 1216K, reserved 1048576K
}
Event: 7.359 GC heap after
{Heap after GC invocations=3 (full 0):
 garbage-first heap   total 63488K, used 5515K [0x00000000c3a00000, 0x0000000100000000)
  region size 1024K, 2 young (2048K), 2 survivors (2048K)
 Metaspace       used 9591K, committed 9792K, reserved 1114112K
  class space    used 1121K, committed 1216K, reserved 1048576K
}
Event: 16.709 GC heap before
{Heap before GC invocations=3 (full 0):
 garbage-first heap   total 63488K, used 40331K [0x00000000c3a00000, 0x0000000100000000)
  region size 1024K, 37 young (37888K), 2 survivors (2048K)
 Metaspace       used 15194K, committed 15360K, reserved 1114112K
  class space    used 1775K, committed 1856K, reserved 1048576K
}
Event: 16.876 GC heap after
{Heap after GC invocations=4 (full 0):
 garbage-first heap   total 63488K, used 9454K [0x00000000c3a00000, 0x0000000100000000)
  region size 1024K, 5 young (5120K), 5 survivors (5120K)
 Metaspace       used 15194K, committed 15360K, reserved 1114112K
  class space    used 1775K, committed 1856K, reserved 1048576K
}

Dll operation events (8 events):
Event: 0.064 Loaded shared library C:\Program Files\Java\jdk-21\bin\java.dll
Event: 0.312 Loaded shared library C:\Program Files\Java\jdk-21\bin\jsvml.dll
Event: 0.394 Loaded shared library C:\Program Files\Java\jdk-21\bin\net.dll
Event: 0.416 Loaded shared library C:\Program Files\Java\jdk-21\bin\nio.dll
Event: 0.424 Loaded shared library C:\Program Files\Java\jdk-21\bin\zip.dll
Event: 0.795 Loaded shared library C:\apache-maven-3.9.9\lib\jansi-native\Windows\x86_64\jansi.dll
Event: 0.855 Loaded shared library C:\Program Files\Java\jdk-21\bin\verify.dll
Event: 0.895 Loaded shared library C:\Program Files\Java\jdk-21\bin\jimage.dll

Deoptimization events (20 events):
Event: 18.381 Thread 0x000001d816212f40 DEOPT PACKING pc=0x000001d81ec69de5 sp=0x0000006700ffe140
Event: 18.382 Thread 0x000001d816212f40 DEOPT UNPACKING pc=0x000001d825c24e42 sp=0x0000006700ffd678 mode 0
Event: 19.631 Thread 0x000001d816212f40 Uncommon trap: trap_request=0xffffff45 fr.pc=0x000001d8261878a0 relative=0x0000000000000200
Event: 19.631 Thread 0x000001d816212f40 Uncommon trap: reason=unstable_if action=reinterpret pc=0x000001d8261878a0 method=java.lang.String.indexOf(II)I @ 4 c2
Event: 19.631 Thread 0x000001d816212f40 DEOPT PACKING pc=0x000001d8261878a0 sp=0x0000006700ffe1b0
Event: 19.631 Thread 0x000001d816212f40 DEOPT UNPACKING pc=0x000001d825c246a2 sp=0x0000006700ffe150 mode 2
Event: 19.803 Thread 0x000001d816212f40 Uncommon trap: trap_request=0xffffff45 fr.pc=0x000001d8262c0240 relative=0x00000000000000a0
Event: 19.803 Thread 0x000001d816212f40 Uncommon trap: reason=unstable_if action=reinterpret pc=0x000001d8262c0240 method=org.apache.maven.model.validation.DefaultModelValidator.isValidIdCharacter(C)Z @ 51 c2
Event: 19.803 Thread 0x000001d816212f40 DEOPT PACKING pc=0x000001d8262c0240 sp=0x0000006700ffe3e0
Event: 19.803 Thread 0x000001d816212f40 DEOPT UNPACKING pc=0x000001d825c246a2 sp=0x0000006700ffe368 mode 2
Event: 20.666 Thread 0x000001d816212f40 Uncommon trap: trap_request=0xffffff45 fr.pc=0x000001d826203df4 relative=0x0000000000000074
Event: 20.666 Thread 0x000001d816212f40 Uncommon trap: reason=unstable_if action=reinterpret pc=0x000001d826203df4 method=java.lang.ref.ReferenceQueue.poll()Ljava/lang/ref/Reference; @ 4 c2
Event: 20.666 Thread 0x000001d816212f40 DEOPT PACKING pc=0x000001d826203df4 sp=0x0000006700ffe9a0
Event: 20.666 Thread 0x000001d816212f40 DEOPT UNPACKING pc=0x000001d825c246a2 sp=0x0000006700ffe930 mode 2
Event: 21.993 Thread 0x000001d816212f40 Uncommon trap: trap_request=0xffffffcc fr.pc=0x000001d8262f12dc relative=0x000000000000021c
Event: 21.993 Thread 0x000001d816212f40 Uncommon trap: reason=intrinsic_or_type_checked_inlining action=make_not_entrant pc=0x000001d8262f12dc method=java.util.Arrays.copyOf([Ljava/lang/Object;ILjava/lang/Class;)[Ljava/lang/Object; @ 35 c2
Event: 21.993 Thread 0x000001d816212f40 DEOPT PACKING pc=0x000001d8262f12dc sp=0x0000006700ffdf80
Event: 21.993 Thread 0x000001d816212f40 DEOPT UNPACKING pc=0x000001d825c246a2 sp=0x0000006700ffdf10 mode 2
Event: 22.361 Thread 0x000001d816212f40 DEOPT PACKING pc=0x000001d81ec7ab2c sp=0x0000006700ffd4e0
Event: 22.361 Thread 0x000001d816212f40 DEOPT UNPACKING pc=0x000001d825c24e42 sp=0x0000006700ffca38 mode 0

Classes loaded (20 events):
Event: 14.207 Loading class sun/util/resources/LocaleData$CommonResourceBundleProvider
Event: 14.207 Loading class sun/util/resources/LocaleData$LocaleDataResourceBundleProvider
Event: 14.207 Loading class java/util/spi/ResourceBundleProvider
Event: 14.207 Loading class java/util/spi/ResourceBundleProvider done
Event: 14.207 Loading class sun/util/resources/LocaleData$LocaleDataResourceBundleProvider done
Event: 14.207 Loading class sun/util/resources/LocaleData$CommonResourceBundleProvider done
Event: 14.376 Loading class java/util/StringTokenizer
Event: 14.376 Loading class java/util/StringTokenizer done
Event: 15.201 Loading class java/util/stream/Streams$RangeIntSpliterator
Event: 15.201 Loading class java/util/stream/Streams$RangeIntSpliterator done
Event: 21.430 Loading class java/util/stream/MatchOps$MatchKind
Event: 21.435 Loading class java/util/stream/MatchOps$MatchKind done
Event: 21.437 Loading class java/util/stream/MatchOps
Event: 21.484 Loading class java/util/stream/MatchOps done
Event: 21.484 Loading class java/util/stream/MatchOps$MatchOp
Event: 21.486 Loading class java/util/stream/MatchOps$MatchOp done
Event: 21.486 Loading class java/util/stream/MatchOps$BooleanTerminalSink
Event: 21.487 Loading class java/util/stream/MatchOps$BooleanTerminalSink done
Event: 21.556 Loading class java/util/stream/MatchOps$1MatchSink
Event: 21.567 Loading class java/util/stream/MatchOps$1MatchSink done

Classes unloaded (0 events):
No events

Classes redefined (0 events):
No events

Internal exceptions (20 events):
Event: 8.077 Thread 0x000001d816212f40 Exception <a 'java/lang/ExceptionInInitializerError'{0x00000000c7270610}> (0x00000000c7270610) 
thrown [s\open\src\hotspot\share\oops\instanceKlass.cpp, line 1192]
Event: 8.168 Thread 0x000001d816212f40 Exception <a 'java/lang/NoSuchMethodError'{0x00000000c717c930}: 'long java.lang.invoke.DirectMethodHandle$Holder.invokeStatic(java.lang.Object, java.lang.Object, int)'> (0x00000000c717c930) 
thrown [s\open\src\hotspot\share\interpreter\linkResolver.cpp, line 773]
Event: 8.171 Thread 0x000001d816212f40 Exception <a 'java/lang/NoSuchMethodError'{0x00000000c718fa08}: 'java.lang.Object java.lang.invoke.DirectMethodHandle$Holder.invokeStatic(java.lang.Object, java.lang.Object, java.lang.Object, java.lang.Object, int)'> (0x00000000c718fa08) 
thrown [s\open\src\hotspot\share\interpreter\linkResolver.cpp, line 773]
Event: 8.173 Thread 0x000001d816212f40 Exception <a 'java/lang/NoSuchMethodError'{0x00000000c7197b88}: 'java.lang.Object java.lang.invoke.DirectMethodHandle$Holder.invokeSpecial(java.lang.Object, java.lang.Object, java.lang.Object, java.lang.Object, long)'> (0x00000000c7197b88) 
thrown [s\open\src\hotspot\share\interpreter\linkResolver.cpp, line 773]
Event: 8.176 Thread 0x000001d816212f40 Exception <a 'java/lang/NoSuchMethodError'{0x00000000c71a36a8}: 'java.lang.Object java.lang.invoke.DirectMethodHandle$Holder.invokeSpecial(java.lang.Object, java.lang.Object, java.lang.Object, int, java.lang.Object)'> (0x00000000c71a36a8) 
thrown [s\open\src\hotspot\share\interpreter\linkResolver.cpp, line 773]
Event: 8.177 Thread 0x000001d816212f40 Exception <a 'java/lang/NoSuchMethodError'{0x00000000c71ab7e8}: 'int java.lang.invoke.DirectMethodHandle$Holder.invokeSpecial(java.lang.Object, java.lang.Object, java.lang.Object, int)'> (0x00000000c71ab7e8) 
thrown [s\open\src\hotspot\share\interpreter\linkResolver.cpp, line 773]
Event: 8.228 Thread 0x000001d816212f40 Implicit null exception at 0x000001d8261fa940 to 0x000001d8261fab44
Event: 8.233 Thread 0x000001d816212f40 Exception <a 'java/lang/NoSuchMethodError'{0x00000000c71cfbc8}: 'java.lang.Object java.lang.invoke.Invokers$Holder.invokeExact_MT(java.lang.Object, int, java.lang.Object)'> (0x00000000c71cfbc8) 
thrown [s\open\src\hotspot\share\interpreter\linkResolver.cpp, line 773]
Event: 10.092 Thread 0x000001d816212f40 Exception <a 'java/lang/NoSuchMethodError'{0x00000000c69cc8f0}: 'void java.lang.invoke.Invokers$Holder.invokeExact_MT(java.lang.Object, java.lang.Object, java.lang.Object, java.lang.Object)'> (0x00000000c69cc8f0) 
thrown [s\open\src\hotspot\share\interpreter\linkResolver.cpp, line 773]
Event: 10.233 Thread 0x000001d816212f40 Exception <a 'java/lang/NoClassDefFoundError'{0x00000000c685bf70}: com/google/inject/servlet/ServletModuleTargetVisitor> (0x00000000c685bf70) 
thrown [s\open\src\hotspot\share\classfile\systemDictionary.cpp, line 301]
Event: 10.707 Thread 0x000001d816212f40 Exception <a 'java/lang/NoSuchMethodError'{0x00000000c6614918}: 'void java.lang.invoke.DirectMethodHandle$Holder.invokeVirtual(java.lang.Object, java.lang.Object)'> (0x00000000c6614918) 
thrown [s\open\src\hotspot\share\interpreter\linkResolver.cpp, line 773]
Event: 11.144 Thread 0x000001d816212f40 Exception <a 'java/lang/NoSuchMethodError'{0x00000000c6693de0}: 'java.lang.Object java.lang.invoke.DirectMethodHandle$Holder.invokeStaticInit(java.lang.Object, int, int, int, int)'> (0x00000000c6693de0) 
thrown [s\open\src\hotspot\share\interpreter\linkResolver.cpp, line 773]
Event: 13.356 Thread 0x000001d816212f40 Implicit null exception at 0x000001d82619e4a4 to 0x000001d82619eb3c
Event: 13.359 Thread 0x000001d816212f40 Implicit null exception at 0x000001d8261b1b20 to 0x000001d8261b21bc
Event: 13.637 Thread 0x000001d816212f40 Exception <a 'java/lang/NoSuchMethodError'{0x00000000c6164bf0}: 'void java.lang.invoke.DirectMethodHandle$Holder.invokeSpecial(java.lang.Object, java.lang.Object, java.lang.Object, java.lang.Object, java.lang.Object)'> (0x00000000c6164bf0) 
thrown [s\open\src\hotspot\share\interpreter\linkResolver.cpp, line 773]
Event: 13.776 Thread 0x000001d816212f40 Exception <a 'java/lang/NoSuchMethodError'{0x00000000c617f240}: 'void java.lang.invoke.DirectMethodHandle$Holder.invokeSpecial(java.lang.Object, java.lang.Object, java.lang.Object, java.lang.Object, java.lang.Object, java.lang.Object)'> (0x00000000c617f240) 
thrown [s\open\src\hotspot\share\interpreter\linkResolver.cpp, line 773]
Event: 13.967 Thread 0x000001d816212f40 Exception <a 'java/lang/NoSuchMethodError'{0x00000000c6074fa8}: 'java.lang.Object java.lang.invoke.DirectMethodHandle$Holder.invokeVirtual(java.lang.Object, java.lang.Object, java.lang.Object)'> (0x00000000c6074fa8) 
thrown [s\open\src\hotspot\share\interpreter\linkResolver.cpp, line 773]
Event: 14.387 Thread 0x000001d816212f40 Exception <a 'java/lang/NoSuchMethodError'{0x00000000c5ea8848}: 'void java.lang.invoke.DirectMethodHandle$Holder.invokeVirtual(java.lang.Object, java.lang.Object, int)'> (0x00000000c5ea8848) 
thrown [s\open\src\hotspot\share\interpreter\linkResolver.cpp, line 773]
Event: 14.388 Thread 0x000001d816212f40 Exception <a 'java/lang/NoSuchMethodError'{0x00000000c5eac5f8}: 'void java.lang.invoke.DirectMethodHandle$Holder.invokeSpecial(java.lang.Object, java.lang.Object, java.lang.Object, int)'> (0x00000000c5eac5f8) 
thrown [s\open\src\hotspot\share\interpreter\linkResolver.cpp, line 773]
Event: 14.388 Thread 0x000001d816212f40 Exception <a 'java/lang/NoSuchMethodError'{0x00000000c5eafcc8}: 'void java.lang.invoke.DelegatingMethodHandle$Holder.reinvoke_L(java.lang.Object, java.lang.Object, int)'> (0x00000000c5eafcc8) 
thrown [s\open\src\hotspot\share\interpreter\linkResolver.cpp, line 773]

ZGC Phase Switch (0 events):
No events

VM Operations (20 events):
Event: 13.140 Executing VM operation: HandshakeAllThreads (Deoptimize)
Event: 13.141 Executing VM operation: HandshakeAllThreads (Deoptimize) done
Event: 13.235 Executing VM operation: HandshakeAllThreads (Deoptimize)
Event: 13.236 Executing VM operation: HandshakeAllThreads (Deoptimize) done
Event: 14.241 Executing VM operation: Cleanup
Event: 14.247 Executing VM operation: Cleanup done
Event: 15.257 Executing VM operation: Cleanup
Event: 15.257 Executing VM operation: Cleanup done
Event: 16.262 Executing VM operation: Cleanup
Event: 16.262 Executing VM operation: Cleanup done
Event: 16.704 Executing VM operation: G1CollectForAllocation (G1 Evacuation Pause)
Event: 16.876 Executing VM operation: G1CollectForAllocation (G1 Evacuation Pause) done
Event: 17.877 Executing VM operation: Cleanup
Event: 17.877 Executing VM operation: Cleanup done
Event: 18.894 Executing VM operation: Cleanup
Event: 18.927 Executing VM operation: Cleanup done
Event: 20.928 Executing VM operation: Cleanup
Event: 20.929 Executing VM operation: Cleanup done
Event: 21.938 Executing VM operation: Cleanup
Event: 21.956 Executing VM operation: Cleanup done

Events (13 events):
Event: 0.122 Thread 0x000001d816212f40 Thread added: 0x000001d816212f40
Event: 0.283 Thread 0x000001d8162dd7e0 Thread added: 0x000001d8162dd7e0
Event: 0.283 Thread 0x000001d8162de6a0 Thread added: 0x000001d8162de6a0
Event: 0.284 Thread 0x000001d830df5ee0 Thread added: 0x000001d830df5ee0
Event: 0.284 Thread 0x000001d830df7940 Thread added: 0x000001d830df7940
Event: 0.284 Thread 0x000001d830df8390 Thread added: 0x000001d830df8390
Event: 0.284 Thread 0x000001d830df8de0 Thread added: 0x000001d830df8de0
Event: 0.284 Thread 0x000001d830df9b60 Thread added: 0x000001d830df9b60
Event: 0.288 Thread 0x000001d830dfb860 Thread added: 0x000001d830dfb860
Event: 0.355 Thread 0x000001d8760992d0 Thread added: 0x000001d8760992d0
Event: 0.359 Thread 0x000001d87609fd60 Thread added: 0x000001d87609fd60
Event: 0.789 Thread 0x000001d8762aab60 Thread added: 0x000001d8762aab60
Event: 5.109 Thread 0x000001d8762aab60 Thread exited: 0x000001d8762aab60


Dynamic libraries:
0x00007ff7f5e00000 - 0x00007ff7f5e10000 	C:\Program Files\Java\jdk-21\bin\java.exe
0x00007ffa4f540000 - 0x00007ffa4f749000 	C:\WINDOWS\SYSTEM32\ntdll.dll
0x00007ffa4d6c0000 - 0x00007ffa4d77d000 	C:\WINDOWS\System32\KERNEL32.DLL
0x00007ffa4ca90000 - 0x00007ffa4ce14000 	C:\WINDOWS\System32\KERNELBASE.dll
0x00007ffa4d090000 - 0x00007ffa4d1a1000 	C:\WINDOWS\System32\ucrtbase.dll
0x00007ffa24c40000 - 0x00007ffa24c59000 	C:\Program Files\Java\jdk-21\bin\jli.dll
0x00007ffa4def0000 - 0x00007ffa4df9e000 	C:\WINDOWS\System32\ADVAPI32.dll
0x00007ffa4d820000 - 0x00007ffa4d8c3000 	C:\WINDOWS\System32\msvcrt.dll
0x00007ffa4d780000 - 0x00007ffa4d81e000 	C:\WINDOWS\System32\sechost.dll
0x00007ffa4e7a0000 - 0x00007ffa4e8c1000 	C:\WINDOWS\System32\RPCRT4.dll
0x00007ffa4d930000 - 0x00007ffa4dadd000 	C:\WINDOWS\System32\USER32.dll
0x00007ffa4ce20000 - 0x00007ffa4ce46000 	C:\WINDOWS\System32\win32u.dll
0x00007ffa4e8d0000 - 0x00007ffa4e8fa000 	C:\WINDOWS\System32\GDI32.dll
0x00007ffa4cf70000 - 0x00007ffa4d08e000 	C:\WINDOWS\System32\gdi32full.dll
0x00007ffa4ce50000 - 0x00007ffa4ceed000 	C:\WINDOWS\System32\msvcp_win.dll
0x00007ffa4bb60000 - 0x00007ffa4be05000 	C:\WINDOWS\WinSxS\amd64_microsoft.windows.common-controls_6595b64144ccf1df_6.0.22000.120_none_9d947278b86cc467\COMCTL32.dll
0x00007ffa41860000 - 0x00007ffa4186a000 	C:\WINDOWS\SYSTEM32\VERSION.dll
0x00007ffa1a650000 - 0x00007ffa1a66b000 	C:\Program Files\Java\jdk-21\bin\VCRUNTIME140.dll
0x00007ffa4d8f0000 - 0x00007ffa4d921000 	C:\WINDOWS\System32\IMM32.DLL
0x00007ffa48b50000 - 0x00007ffa48b5c000 	C:\Program Files\Java\jdk-21\bin\vcruntime140_1.dll
0x00007ffa1a500000 - 0x00007ffa1a58e000 	C:\Program Files\Java\jdk-21\bin\msvcp140.dll
0x00007ff9d9bc0000 - 0x00007ff9da8d8000 	C:\Program Files\Java\jdk-21\bin\server\jvm.dll
0x00007ffa4d560000 - 0x00007ffa4d5cf000 	C:\WINDOWS\System32\WS2_32.dll
0x00007ffa4c700000 - 0x00007ffa4c74d000 	C:\WINDOWS\SYSTEM32\POWRPROF.dll
0x00007ffa45920000 - 0x00007ffa45953000 	C:\WINDOWS\SYSTEM32\WINMM.dll
0x00007ffa4c630000 - 0x00007ffa4c643000 	C:\WINDOWS\SYSTEM32\UMPDC.dll
0x00007ffa4b740000 - 0x00007ffa4b758000 	C:\WINDOWS\SYSTEM32\kernel.appcore.dll
0x00007ffa38490000 - 0x00007ffa3849a000 	C:\Program Files\Java\jdk-21\bin\jimage.dll
0x00007ffa4c270000 - 0x00007ffa4c491000 	C:\WINDOWS\SYSTEM32\DBGHELP.DLL
0x00007ffa4be50000 - 0x00007ffa4be81000 	C:\WINDOWS\SYSTEM32\dbgcore.DLL
0x00007ffa4cef0000 - 0x00007ffa4cf6f000 	C:\WINDOWS\System32\bcryptPrimitives.dll
0x00007ffa1a220000 - 0x00007ffa1a23f000 	C:\Program Files\Java\jdk-21\bin\java.dll
0x00007ffa4eaa0000 - 0x00007ffa4f265000 	C:\WINDOWS\System32\SHELL32.dll
0x00007ffa49ba0000 - 0x00007ffa4a402000 	C:\WINDOWS\SYSTEM32\windows.storage.dll
0x00007ffa4dae0000 - 0x00007ffa4de56000 	C:\WINDOWS\System32\combase.dll
0x00007ffa49a30000 - 0x00007ffa49b97000 	C:\WINDOWS\SYSTEM32\wintypes.dll
0x00007ffa4f390000 - 0x00007ffa4f47a000 	C:\WINDOWS\System32\SHCORE.dll
0x00007ffa4e0f0000 - 0x00007ffa4e14d000 	C:\WINDOWS\System32\shlwapi.dll
0x00007ffa4c900000 - 0x00007ffa4c925000 	C:\WINDOWS\SYSTEM32\profapi.dll
0x00007ffa12e70000 - 0x00007ffa12f47000 	C:\Program Files\Java\jdk-21\bin\jsvml.dll
0x00007ffa37ab0000 - 0x00007ffa37ac0000 	C:\Program Files\Java\jdk-21\bin\net.dll
0x00007ffa466e0000 - 0x00007ffa467f4000 	C:\WINDOWS\SYSTEM32\WINHTTP.dll
0x00007ffa4b810000 - 0x00007ffa4b877000 	C:\WINDOWS\system32\mswsock.dll
0x00007ffa1a200000 - 0x00007ffa1a216000 	C:\Program Files\Java\jdk-21\bin\nio.dll
0x00007ffa19f60000 - 0x00007ffa19f78000 	C:\Program Files\Java\jdk-21\bin\zip.dll
0x00007ffa38590000 - 0x00007ffa385b4000 	C:\apache-maven-3.9.9\lib\jansi-native\Windows\x86_64\jansi.dll
0x00007ffa37600000 - 0x00007ffa37610000 	C:\Program Files\Java\jdk-21\bin\verify.dll

dbghelp: loaded successfully - version: 4.0.5 - missing functions: none
symbol engine: initialized successfully - sym options: 0x614 - pdb path: .;C:\Program Files\Java\jdk-21\bin;C:\WINDOWS\SYSTEM32;C:\WINDOWS\WinSxS\amd64_microsoft.windows.common-controls_6595b64144ccf1df_6.0.22000.120_none_9d947278b86cc467;C:\Program Files\Java\jdk-21\bin\server;C:\apache-maven-3.9.9\lib\jansi-native\Windows\x86_64

VM Arguments:
jvm_args: -Dclassworlds.conf=C:\apache-maven-3.9.9\bin\m2.conf -Dmaven.home=C:\apache-maven-3.9.9 -Dlibrary.jansi.path=C:\apache-maven-3.9.9\lib\jansi-native -Dmaven.multiModuleProjectDirectory=c:\Users\dell\Documents\dean's file\Java Lanjutan\uas\Project-Uas-Java-L\java1 
java_command: org.codehaus.plexus.classworlds.launcher.Launcher -q help:effective-pom -Doutput=c:\Users\dell\Documents\dean's file\Java Lanjutan\uas\Project-Uas-Java-L\java1\effective-pom.xml -f c:/Users/dell/Documents/dean's file/Java Lanjutan/uas/Project-Uas-Java-L/java1/pom.xml
java_class_path (initial): C:\apache-maven-3.9.9\boot\plexus-classworlds-2.8.0.jar
Launcher Type: SUN_STANDARD

[Global flags]
     intx CICompilerCount                          = 3                                         {product} {ergonomic}
     uint ConcGCThreads                            = 1                                         {product} {ergonomic}
     uint G1ConcRefinementThreads                  = 4                                         {product} {ergonomic}
   size_t G1HeapRegionSize                         = 1048576                                   {product} {ergonomic}
    uintx GCDrainStackTargetSize                   = 64                                        {product} {ergonomic}
   size_t InitialHeapSize                          = 65011712                                  {product} {ergonomic}
   size_t MarkStackSize                            = 4194304                                   {product} {ergonomic}
   size_t MaxHeapSize                              = 1012924416                                {product} {ergonomic}
   size_t MaxNewSize                               = 607125504                                 {product} {ergonomic}
   size_t MinHeapDeltaBytes                        = 1048576                                   {product} {ergonomic}
   size_t MinHeapSize                              = 8388608                                   {product} {ergonomic}
    uintx NonNMethodCodeHeapSize                   = 5832780                                {pd product} {ergonomic}
    uintx NonProfiledCodeHeapSize                  = 122912730                              {pd product} {ergonomic}
    uintx ProfiledCodeHeapSize                     = 122912730                              {pd product} {ergonomic}
    uintx ReservedCodeCacheSize                    = 251658240                              {pd product} {ergonomic}
     bool SegmentedCodeCache                       = true                                      {product} {ergonomic}
   size_t SoftMaxHeapSize                          = 1012924416                             {manageable} {ergonomic}
     bool UseCompressedOops                        = true                           {product lp64_product} {ergonomic}
     bool UseG1GC                                  = true                                      {product} {ergonomic}
     bool UseLargePagesIndividualAllocation        = false                                  {pd product} {ergonomic}

Logging:
Log output configuration:
 #0: stdout all=warning uptime,level,tags foldmultilines=false
 #1: stderr all=off uptime,level,tags foldmultilines=false

Environment Variables:
PATH=C:\Program Files\Common Files\Oracle\Java\javapath;C:\oraclexe\app\oracle\product\10.2.0\server\bin;C:\WINDOWS\system32;C:\WINDOWS;C:\WINDOWS\System32\Wbem;C:\WINDOWS\System32\WindowsPowerShell\v1.0\;C:\WINDOWS\System32\OpenSSH\;C:\Program Files\Microsoft SQL Server\130\Tools\Binn\;C:\Program Files\Microsoft SQL Server\Client SDK\ODBC\170\Tools\Binn\;C:\Program Files\dotnet\;C:\xampp\php;C:\ProgramData\chocolatey\bin;C:\Program Files\OpenJDK\openjdk-11.0.15_10\bin;C:\Program Files\Git\cmd;C:\Program Files\Microsoft SQL Server\150\Tools\Binn\;C:\Program Files (x86)\Microsoft SQL Server\160\Tools\Binn\;C:\Program Files\Microsoft SQL Server\160\Tools\Binn\;C:\Program Files\Microsoft SQL Server\160\DTS\Binn\;C:\Program Files\nodejs\;C:\ProgramData\ComposerSetup\bin;C:\Program Files (x86)\Microsoft SQL Server\160\DTS\Binn\;C:\Program Files\Azure Data Studio\bin;C:\Ruby32-x64\bin;C:\Program Files (x86)\Yarn\bin\;C:\RailsInstaller\Git\cmd;C:\RailsInstaller\Ruby2.3.3\bin;C:\Ruby32-x64\bin;C:\Users\dell\AppData\Local\pnpm;D:\BC5\BIN;C:\Users\dell\AppData\Local\Microsoft\WindowsApps;C:\mingw64\bin;C:\Users\dell\.dotnet\tools;C:\Users\dell\AppData\Roaming\Composer\vendor\bin;C:\Users\dell\AppData\Local\Programs\Microsoft VS Code\bin;%JAVA_HOME%\bin;C:\Program Files\JetBrains\IntelliJ IDEA 2023.1.3\bin;;D:\File Tigana Reymansyah\apache-maven-3.9.3\bin;C:\Users\dell\AppData\Roaming\npm;C:\Program Files\Azure Data Studio\bin;C:\Program Files\Java\jdk-17\bin;C:\Users\dell\AppData\Local\Yarn\bin;C:\RailsInstaller;C:\apache-maven-3.9.9\bin;
USERNAME=dell
OS=Windows_NT
PROCESSOR_IDENTIFIER=Intel64 Family 6 Model 142 Stepping 12, GenuineIntel
TMP=C:\Users\dell\AppData\Local\Temp
TEMP=C:\Users\dell\AppData\Local\Temp




Periodic native trim disabled

---------------  S Y S T E M  ---------------

OS:
 Windows 11 , 64 bit Build 22000 (10.0.22000.2538)
OS uptime: 1 days 11:42 hours
Hyper-V role detected

CPU: total 4 (initial active 4) (2 cores per cpu, 2 threads per core) family 6 model 142 stepping 12 microcode 0xfc, cx8, cmov, fxsr, ht, mmx, 3dnowpref, sse, sse2, sse3, ssse3, sse4.1, sse4.2, popcnt, lzcnt, tsc, tscinvbit, avx, avx2, aes, erms, clmul, bmi1, bmi2, adx, fma, vzeroupper, clflush, clflushopt, hv, rdtscp, f16c
Processor Information for all 4 processors :
  Max Mhz: 2592, Current Mhz: 2093, Mhz Limit: 2073

Memory: 4k page, system-wide physical 3857M (51M free)
TotalPageFile size 15633M (AvailPageFile size 5M)
current process WorkingSet (physical memory assigned to process): 69M, peak: 94M
current process commit charge ("private bytes"): 169M, peak: 170M

vm_info: Java HotSpot(TM) 64-Bit Server VM (21.0.5+9-LTS-239) for windows-amd64 JRE (21.0.5+9-LTS-239), built on 2024-09-30T05:17:38Z by "mach5one" with MS VC++ 17.6 (VS2022)

END.
